<?xml version="1.0" encoding="UTF-8"?>
<!-- Generated by org.testng.reporters.JUnitXMLReporter -->
<testsuite ignored="0" hostname="CTC-LAPT-116" failures="0" tests="4" name="Default test" time="53.121" errors="0" timestamp="2024-11-14T14:20:44 ICT">
  <testcase classname="tests.FakePricingPageTest" name="VerifyNotAvailableBenefitForEachModel" time="2.515"/>
  <testcase classname="tests.FillOutFormsTest" name="VerirySubmitEmtryDataForCaptchaForm" time="1.463"/>
  <testcase classname="tests.LoginAutomationTest" name="VerifyLoginWithEmptyUserNameAndPassword" time="8.639"/>
  <testcase classname="tests.LoginAutomationTest" name="VerifySignUpSuccessfully" time="11.968"/>
</testsuite> <!-- Default test -->
