<?xml version="1.0" encoding="UTF-8"?>
<!-- Generated by org.testng.reporters.JUnitXMLReporter -->
<testsuite ignored="0" hostname="CTC-LAPT-116" failures="0" tests="3" name="Default test" time="33.166" errors="0" timestamp="2024-11-14T14:27:09 ICT">
  <testcase classname="tests.FakePricingPageTest" name="VerifyNotAvailableBenefitForEachModel" time="2.553"/>
  <testcase classname="tests.FillOutFormsTest" name="VerirySubmitEmtryDataForCaptchaForm" time="1.393"/>
  <testcase classname="tests.LoginAutomationTest" name="VerifyLoginWithEmptyUserNameAndPassword" time="8.649"/>
</testsuite> <!-- Default test -->
