<?xml version="1.0" encoding="UTF-8"?>
<!-- Generated by org.testng.reporters.JUnitXMLReporter -->
<testsuite ignored="0" hostname="lapdell-0235" failures="0" tests="4" name="Test" time="53.012" errors="0" timestamp="21 Apr 2024 04:47:27 GMT">
  <testcase classname="tests.LoginAutomationTest" name="VerifyLoginWithEmptyUserNameAndPassword" time="7.182"/>
  <testcase classname="tests.LoginAutomationTest" name="VerifySignUpSuccessfully" time="13.237"/>
  <testcase classname="tests.FakePricingPageTest" name="VerifyNotAvailableBenefitForEachModel" time="2.184"/>
  <testcase classname="tests.FillOutFormsTest" name="VerirySubmitEmtryDataForCaptchaForm" time="1.166"/>
</testsuite> <!-- Test -->
