<?xml version="1.0" encoding="UTF-8"?>
<testng-results ignored="0" total="3" passed="3" failed="0" skipped="0">
  <reporter-output>
  </reporter-output>
  <suite started-at="2024-11-14T14:39:51 ICT" name="Default suite" finished-at="2024-11-14T14:40:26 ICT" duration-ms="34212">
    <groups>
    </groups>
    <test started-at="2024-11-14T14:39:51 ICT" name="Default test" finished-at="2024-11-14T14:40:26 ICT" duration-ms="34212">
      <class name="tests.FakePricingPageTest">
        <test-method is-config="true" signature="launchApplication()[pri:0, instance:tests.FakePricingPageTest@64b73e7a]" started-at="2024-11-14T14:39:51 ICT" name="launchApplication" finished-at="2024-11-14T14:39:58 ICT" duration-ms="7073" status="PASS">
          <reporter-output>
          </reporter-output>
        </test-method> <!-- launchApplication -->
        <test-method signature="VerifyNotAvailableBenefitForEachModel()[pri:0, instance:tests.FakePricingPageTest@64b73e7a]" started-at="2024-11-14T14:39:58 ICT" name="VerifyNotAvailableBenefitForEachModel" finished-at="2024-11-14T14:40:01 ICT" duration-ms="2543" status="PASS">
          <reporter-output>
          </reporter-output>
        </test-method> <!-- VerifyNotAvailableBenefitForEachModel -->
        <test-method is-config="true" signature="tearDown()[pri:0, instance:tests.FakePricingPageTest@64b73e7a]" started-at="2024-11-14T14:40:01 ICT" name="tearDown" finished-at="2024-11-14T14:40:02 ICT" duration-ms="955" status="PASS">
          <reporter-output>
          </reporter-output>
        </test-method> <!-- tearDown -->
      </class> <!-- tests.FakePricingPageTest -->
      <class name="tests.FillOutFormsTest">
        <test-method is-config="true" signature="launchApplication()[pri:0, instance:tests.FillOutFormsTest@530712d]" started-at="2024-11-14T14:40:02 ICT" name="launchApplication" finished-at="2024-11-14T14:40:08 ICT" duration-ms="5996" status="PASS">
          <reporter-output>
          </reporter-output>
        </test-method> <!-- launchApplication -->
        <test-method signature="VerirySubmitEmtryDataForCaptchaForm()[pri:0, instance:tests.FillOutFormsTest@530712d]" started-at="2024-11-14T14:40:08 ICT" name="VerirySubmitEmtryDataForCaptchaForm" finished-at="2024-11-14T14:40:09 ICT" duration-ms="1453" status="PASS">
          <reporter-output>
          </reporter-output>
        </test-method> <!-- VerirySubmitEmtryDataForCaptchaForm -->
        <test-method is-config="true" signature="tearDown()[pri:0, instance:tests.FillOutFormsTest@530712d]" started-at="2024-11-14T14:40:09 ICT" name="tearDown" finished-at="2024-11-14T14:40:10 ICT" duration-ms="940" status="PASS">
          <reporter-output>
          </reporter-output>
        </test-method> <!-- tearDown -->
      </class> <!-- tests.FillOutFormsTest -->
      <class name="tests.LoginAutomationTest">
        <test-method is-config="true" signature="launchApplication()[pri:0, instance:tests.LoginAutomationTest@12ed9db6]" started-at="2024-11-14T14:40:10 ICT" name="launchApplication" finished-at="2024-11-14T14:40:16 ICT" duration-ms="5381" status="PASS">
          <reporter-output>
          </reporter-output>
        </test-method> <!-- launchApplication -->
        <test-method signature="VerifyLoginWithEmptyUserNameAndPassword()[pri:0, instance:tests.LoginAutomationTest@12ed9db6]" started-at="2024-11-14T14:40:16 ICT" name="VerifyLoginWithEmptyUserNameAndPassword" finished-at="2024-11-14T14:40:24 ICT" duration-ms="8684" status="PASS">
          <reporter-output>
          </reporter-output>
        </test-method> <!-- VerifyLoginWithEmptyUserNameAndPassword -->
        <test-method is-config="true" signature="tearDown()[pri:0, instance:tests.LoginAutomationTest@12ed9db6]" started-at="2024-11-14T14:40:24 ICT" name="tearDown" finished-at="2024-11-14T14:40:26 ICT" duration-ms="1150" status="PASS">
          <reporter-output>
          </reporter-output>
        </test-method> <!-- tearDown -->
      </class> <!-- tests.LoginAutomationTest -->
    </test> <!-- Default test -->
  </suite> <!-- Default suite -->
</testng-results>
