<?xml version="1.0" encoding="UTF-8"?>
<testng-results ignored="0" total="1" passed="1" failed="0" skipped="0">
  <reporter-output>
  </reporter-output>
  <suite started-at="2024-11-14T11:31:15 ICT" name="Default suite" finished-at="2024-11-14T11:31:25 ICT" duration-ms="10287">
    <groups>
    </groups>
    <test started-at="2024-11-14T11:31:15 ICT" name="Default test" finished-at="2024-11-14T11:31:25 ICT" duration-ms="10287">
      <class name="tests.FakePricingPageTest">
        <test-method is-config="true" signature="launchApplication()[pri:0, instance:tests.FakePricingPageTest@3ba987b8]" started-at="2024-11-14T11:31:15 ICT" name="launchApplication" finished-at="2024-11-14T11:31:21 ICT" duration-ms="6829" status="PASS">
          <reporter-output>
          </reporter-output>
        </test-method> <!-- launchApplication -->
        <test-method signature="VerifyNotAvailableBenefitForEachModel()[pri:0, instance:tests.FakePricingPageTest@3ba987b8]" started-at="2024-11-14T11:31:21 ICT" name="VerifyNotAvailableBenefitForEachModel" finished-at="2024-11-14T11:31:24 ICT" duration-ms="2471" status="PASS">
          <reporter-output>
          </reporter-output>
        </test-method> <!-- VerifyNotAvailableBenefitForEachModel -->
        <test-method is-config="true" signature="tearDown()[pri:0, instance:tests.FakePricingPageTest@3ba987b8]" started-at="2024-11-14T11:31:24 ICT" name="tearDown" finished-at="2024-11-14T11:31:25 ICT" duration-ms="961" status="PASS">
          <reporter-output>
          </reporter-output>
        </test-method> <!-- tearDown -->
      </class> <!-- tests.FakePricingPageTest -->
    </test> <!-- Default test -->
  </suite> <!-- Default suite -->
</testng-results>
